<?xml version="1.0" encoding="UTF-8"?>
<testng-results ignored="0" total="1" passed="1" failed="0" skipped="0">
  <reporter-output>
  </reporter-output>
  <suite started-at="2023-11-07T14:35:51 IST" name="Surefire suite" finished-at="2023-11-07T14:35:52 IST" duration-ms="71">
    <groups>
    </groups>
    <test started-at="2023-11-07T14:35:51 IST" name="Surefire test" finished-at="2023-11-07T14:35:52 IST" duration-ms="71">
      <class name="com.lbrce.devops.UserValidationTest">
        <test-method signature="testCase1()[pri:0, instance:com.lbrce.devops.UserValidationTest@10d68fcd]" started-at="2023-11-07T14:35:52 IST" name="testCase1" finished-at="2023-11-07T14:35:52 IST" duration-ms="21" status="PASS">
          <reporter-output>
          </reporter-output>
        </test-method> <!-- testCase1 -->
      </class> <!-- com.lbrce.devops.UserValidationTest -->
    </test> <!-- Surefire test -->
  </suite> <!-- Surefire suite -->
</testng-results>
